2022-10-24 00:06:46:646 - [32minfo[39m: [32mServidor rodando na porta: 3000[39m}
2022-10-24 00:07:49:749 - [32minfo[39m: [32mServidor rodando na porta: 3000[39m
2022-10-24 00:09:38:938 - [32minfo[39m: [32mBanco conectado com sucesso![39m
2022-10-24 00:09:38:938 - [32minfo[39m: [32mServidor rodando na porta: 3000[39m
2022-10-24 00:10:39:1039 - [32minfo[39m: [32mBanco conectado com sucesso![39m
2022-10-24 00:10:39:1039 - [32minfo[39m: [32mServidor rodando na porta: 3000[39m
2022-10-24 00:19:03:193 - [32minfo[39m: [32mBanco conectado com sucesso![39m
2022-10-24 00:19:03:193 - [32minfo[39m: [32mServidor rodando na porta: 3000[39m
2022-10-24 00:19:51:1951 - [32minfo[39m: [32mBanco conectado com sucesso![39m
2022-10-24 00:19:51:1951 - [32minfo[39m: [32mServidor rodando na porta: 3000[39m
2022-10-24 00:20:03:203 - [35mhttp[39m: [35mGET /api/test 200 11 - 2.778 ms[39m
[35m[39m
2022-10-24 00:22:03:223 - [32minfo[39m: [32mBanco conectado com sucesso![39m
2022-10-24 00:22:03:223 - [32minfo[39m: [32mServidor rodando na porta: 3000[39m
2022-10-24 00:36:12:3612 - [32minfo[39m: [32mBanco conectado com sucesso![39m
2022-10-24 00:36:12:3612 - [32minfo[39m: [32mServidor rodando na porta: 3000[39m
2022-10-24 00:37:29:3729 - [35mhttp[39m: [35mPOST /api/movie 200 22 - 4.502 ms[39m
[35m[39m
2022-10-24 00:43:36:4336 - [32minfo[39m: [32mBanco conectado com sucesso![39m
2022-10-24 00:43:36:4336 - [32minfo[39m: [32mServidor rodando na porta: 3000[39m
2022-10-24 00:45:35:4535 - [31merror[39m: [31mErro no sistema: user is not allowed to do action [insert] on [myFirstDatabase.movies][39m
2022-10-24 00:46:06:466 - [35mhttp[39m: [35mPOST /api/movie - - - - ms[39m
[35m[39m
2022-10-24 00:50:18:5018 - [32minfo[39m: [32mBanco conectado com sucesso![39m
2022-10-24 00:50:18:5018 - [32minfo[39m: [32mServidor rodando na porta: 3000[39m
2022-10-24 00:51:37:5137 - [31merror[39m: [31mErro no sistema: user is not allowed to do action [insert] on [myFirstDatabase.movies][39m
2022-10-24 00:51:46:5146 - [35mhttp[39m: [35mPOST /api/movie - - - - ms[39m
[35m[39m
2022-10-24 00:51:59:5159 - [32minfo[39m: [32mBanco conectado com sucesso![39m
2022-10-24 00:51:59:5159 - [32minfo[39m: [32mServidor rodando na porta: 3000[39m
2022-10-24 00:52:02:522 - [31merror[39m: [31mErro no sistema: user is not allowed to do action [insert] on [myFirstDatabase.movies][39m
2022-10-24 00:52:06:526 - [35mhttp[39m: [35mPOST /api/movie - - - - ms[39m
[35m[39m
2022-10-24 00:52:23:5223 - [32minfo[39m: [32mBanco conectado com sucesso![39m
2022-10-24 00:52:23:5223 - [32minfo[39m: [32mServidor rodando na porta: 3000[39m
2022-10-24 00:52:34:5234 - [32minfo[39m: [32mBanco conectado com sucesso![39m
2022-10-24 00:52:34:5234 - [32minfo[39m: [32mServidor rodando na porta: 3000[39m
2022-10-24 00:55:51:5551 - [32minfo[39m: [32mBanco conectado com sucesso![39m
2022-10-24 00:55:51:5551 - [32minfo[39m: [32mServidor rodando na porta: 3000[39m
2022-10-24 00:55:59:5559 - [31merror[39m: [31mErro no sistema: user is not allowed to do action [insert] on [myFirstDatabase.movies][39m
2022-10-24 00:56:02:562 - [35mhttp[39m: [35mPOST /api/movie - - - - ms[39m
[35m[39m
2022-10-24 00:57:28:5728 - [32minfo[39m: [32mBanco conectado com sucesso![39m
2022-10-24 00:57:28:5728 - [32minfo[39m: [32mServidor rodando na porta: 3000[39m
2022-10-24 00:57:45:5745 - [31merror[39m: [31mErro no sistema: user is not allowed to do action [insert] on [myFirstDatabase.movies][39m
2022-10-24 00:58:02:582 - [32minfo[39m: [32mBanco conectado com sucesso![39m
2022-10-24 00:58:02:582 - [32minfo[39m: [32mServidor rodando na porta: 3000[39m
2022-10-24 00:58:07:587 - [31merror[39m: [31mErro no sistema: user is not allowed to do action [insert] on [test.movies][39m
2022-10-24 00:58:11:5811 - [35mhttp[39m: [35mPOST /api/movie - - - - ms[39m
[35m[39m
2022-10-24 00:58:28:5828 - [32minfo[39m: [32mBanco conectado com sucesso![39m
2022-10-24 00:58:28:5828 - [32minfo[39m: [32mServidor rodando na porta: 3000[39m
2022-10-24 00:58:30:5830 - [35mhttp[39m: [35mGET /api/test 200 11 - 3.189 ms[39m
[35m[39m
2022-10-24 00:58:35:5835 - [31merror[39m: [31mErro no sistema: user is not allowed to do action [insert] on [myFirstDatabase.movies][39m
2022-10-24 00:58:36:5836 - [35mhttp[39m: [35mPOST /api/movie - - - - ms[39m
[35m[39m
2022-10-24 01:00:20:020 - [31merror[39m: [31mNão foi possível conectar[39m
2022-10-24 01:00:45:045 - [32minfo[39m: [32mBanco conectado com sucesso![39m
2022-10-24 01:00:45:045 - [32minfo[39m: [32mServidor rodando na porta: 3000[39m
2022-10-24 01:01:48:148 - [32minfo[39m: [32mBanco conectado com sucesso![39m
2022-10-24 01:01:48:148 - [32minfo[39m: [32mServidor rodando na porta: 3000[39m
2022-10-24 01:01:52:152 - [35mhttp[39m: [35mPOST /api/movie 201 158 - 85.171 ms[39m
[35m[39m
2022-10-24 01:40:59:4059 - [32minfo[39m: [32mBanco conectado com sucesso![39m
2022-10-24 01:40:59:4059 - [32minfo[39m: [32mServidor rodando na porta: 3000[39m
2022-10-24 01:41:36:4136 - [35mhttp[39m: [35mPOST /api/movie 201 153 - 84.124 ms[39m
[35m[39m
2022-10-25 18:50:26:5026 - [32minfo[39m: [32mBanco conectado com sucesso![39m
2022-10-25 18:50:26:5026 - [32minfo[39m: [32mServidor rodando na porta: 3000[39m
2022-10-25 18:52:20:5220 - [32minfo[39m: [32mBanco conectado com sucesso![39m
2022-10-25 18:52:20:5220 - [32minfo[39m: [32mServidor rodando na porta: 3000[39m
2022-10-25 18:53:51:5351 - [35mhttp[39m: [35mPOST /api/movie 201 142 - 105.129 ms[39m
[35m[39m
2022-10-25 18:53:57:5357 - [35mhttp[39m: [35mPOST /api/movie 422 50 - 3.819 ms[39m
[35m[39m
2022-10-25 18:56:02:562 - [32minfo[39m: [32mBanco conectado com sucesso![39m
2022-10-25 18:56:02:562 - [32minfo[39m: [32mServidor rodando na porta: 3000[39m
2022-10-25 18:56:11:5611 - [35mhttp[39m: [35mPOST /api/movie 422 69 - 10.685 ms[39m
[35m[39m
2022-10-25 18:57:50:5750 - [32minfo[39m: [32mBanco conectado com sucesso![39m
2022-10-25 18:57:50:5750 - [32minfo[39m: [32mServidor rodando na porta: 3000[39m
2022-10-25 18:58:22:5822 - [35mhttp[39m: [35mPOST /api/movie 422 55 - 7.363 ms[39m
[35m[39m
2022-10-25 18:58:46:5846 - [35mhttp[39m: [35mPOST /api/movie 422 55 - 2.842 ms[39m
[35m[39m
2022-10-25 18:58:56:5856 - [35mhttp[39m: [35mPOST /api/movie 201 165 - 95.660 ms[39m
[35m[39m
2022-10-25 19:00:47:047 - [32minfo[39m: [32mBanco conectado com sucesso![39m
2022-10-25 19:00:47:047 - [32minfo[39m: [32mServidor rodando na porta: 3000[39m
2022-10-25 19:00:58:058 - [35mhttp[39m: [35mPOST /api/movie 422 58 - 11.115 ms[39m
[35m[39m
2022-10-25 19:01:15:115 - [32minfo[39m: [32mBanco conectado com sucesso![39m
2022-10-25 19:01:15:115 - [32minfo[39m: [32mServidor rodando na porta: 3000[39m
2022-10-25 19:01:20:120 - [35mhttp[39m: [35mPOST /api/movie 422 57 - 7.048 ms[39m
[35m[39m
2022-10-25 19:02:04:24 - [32minfo[39m: [32mBanco conectado com sucesso![39m
2022-10-25 19:02:04:24 - [32minfo[39m: [32mServidor rodando na porta: 3000[39m
2022-10-25 19:02:12:212 - [35mhttp[39m: [35mPOST /api/movie 422 60 - 11.148 ms[39m
[35m[39m
2022-10-25 19:02:47:247 - [35mhttp[39m: [35mPOST /api/movie 201 220 - 91.899 ms[39m
[35m[39m
2022-10-25 19:04:54:454 - [32minfo[39m: [32mBanco conectado com sucesso![39m
2022-10-25 19:04:54:454 - [32minfo[39m: [32mServidor rodando na porta: 3000[39m
2022-10-25 19:05:00:50 - [35mhttp[39m: [35mPOST /api/movie 422 61 - 13.088 ms[39m
[35m[39m
2022-10-25 19:05:34:534 - [35mhttp[39m: [35mPOST /api/movie 201 214 - 99.739 ms[39m
[35m[39m
2022-10-25 19:09:08:98 - [32minfo[39m: [32mBanco conectado com sucesso![39m
2022-10-25 19:09:08:98 - [32minfo[39m: [32mServidor rodando na porta: 3000[39m
2022-10-25 19:11:28:1128 - [35mhttp[39m: [35mPOST /api/movie 422 63 - 11.409 ms[39m
[35m[39m
2022-10-25 19:12:57:1257 - [35mhttp[39m: [35mPOST /api/movie 201 521 - 86.778 ms[39m
[35m[39m
2022-10-25 19:29:58:2958 - [32minfo[39m: [32mBanco conectado com sucesso![39m
2022-10-25 19:29:58:2958 - [32minfo[39m: [32mServidor rodando na porta: 3000[39m
2022-10-25 19:34:53:3453 - [32minfo[39m: [32mBanco conectado com sucesso![39m
2022-10-25 19:34:53:3453 - [32minfo[39m: [32mServidor rodando na porta: 3000[39m
2022-10-25 19:36:02:362 - [31merror[39m: [31mErro no sistema: Cast to ObjectId failed for value "2" (type string) at path "_id" for model "Movie"[39m
2022-10-25 19:36:06:366 - [35mhttp[39m: [35mGET /api/movie/2 - - - - ms[39m
[35m[39m
2022-10-25 19:37:09:379 - [31merror[39m: [31mErro no sistema: Cast to ObjectId failed for value "1e72enknkniouaw89" (type string) at path "_id" for model "Movie"[39m
2022-10-25 19:37:12:3712 - [35mhttp[39m: [35mGET /api/movie/1e72enknkniouaw89 - - - - ms[39m
[35m[39m
2022-10-25 19:40:46:4046 - [35mhttp[39m: [35mGET /api/movie/63585f69b3ffb08dde328bdc 404 31 - 72.276 ms[39m
[35m[39m
2022-10-25 19:41:43:4143 - [32minfo[39m: [32mBanco conectado com sucesso![39m
2022-10-25 19:41:43:4143 - [32minfo[39m: [32mServidor rodando na porta: 3000[39m
2022-10-25 19:41:50:4150 - [35mhttp[39m: [35mGET /api/movie/63585f69b3ffb08dde328bdd 200 521 - 141.562 ms[39m
[35m[39m
2022-10-25 19:44:45:4445 - [31merror[39m: [31mErro no sistema: Cannot set headers after they are sent to the client[39m
2022-10-25 19:44:45:4445 - [35mhttp[39m: [35mGET /api/movie/63585f69b3ffb08dde328bdc 200 31 - 55.897 ms[39m
[35m[39m
2022-10-25 19:44:48:4448 - [35mhttp[39m: [35mGET /api/movie/63585f69b3ffb08dde328bdd 200 521 - 60.016 ms[39m
[35m[39m
2022-10-25 19:45:02:452 - [31merror[39m: [31mErro no sistema: Cannot set headers after they are sent to the client[39m
2022-10-25 19:45:02:452 - [35mhttp[39m: [35mGET /api/movie/63585f69b3ffb08dde328bdc 200 31 - 57.689 ms[39m
[35m[39m
2022-10-25 19:45:11:4511 - [35mhttp[39m: [35mGET /api/movie/63585f69b3ffb08dde328bdd 200 521 - 53.059 ms[39m
[35m[39m
2022-10-25 19:46:25:4625 - [31merror[39m: [31mErro no sistema: Cannot set headers after they are sent to the client[39m
2022-10-25 19:46:25:4625 - [35mhttp[39m: [35mGET /api/movie/63585f69b3ffb08dde328bdc 200 31 - 60.123 ms[39m
[35m[39m
2022-10-25 19:47:01:471 - [35mhttp[39m: [35mGET /api/movie/63585f69b3ffb08dde328bdd 200 521 - 56.105 ms[39m
[35m[39m
2022-10-25 19:50:45:5045 - [32minfo[39m: [32mBanco conectado com sucesso![39m
2022-10-25 19:50:45:5045 - [32minfo[39m: [32mServidor rodando na porta: 3000[39m
2022-10-25 19:51:08:518 - [32minfo[39m: [32mBanco conectado com sucesso![39m
2022-10-25 19:51:08:518 - [32minfo[39m: [32mServidor rodando na porta: 3000[39m
2022-10-25 19:51:44:5144 - [32minfo[39m: [32mBanco conectado com sucesso![39m
2022-10-25 19:51:44:5144 - [32minfo[39m: [32mServidor rodando na porta: 3000[39m
2022-10-25 19:52:22:5222 - [35mhttp[39m: [35mGET /api/movie 404 148 - 6.572 ms[39m
[35m[39m
2022-10-25 19:52:41:5241 - [32minfo[39m: [32mBanco conectado com sucesso![39m
2022-10-25 19:52:41:5241 - [32minfo[39m: [32mServidor rodando na porta: 3000[39m
2022-10-25 19:52:44:5244 - [35mhttp[39m: [35mGET /api/movie 404 148 - 3.249 ms[39m
[35m[39m
2022-10-25 19:52:46:5246 - [35mhttp[39m: [35mGET /api/movie 404 148 - 1.907 ms[39m
[35m[39m
2022-10-25 19:53:00:530 - [35mhttp[39m: [35mGET /api 404 142 - 0.835 ms[39m
[35m[39m
2022-10-25 19:53:06:536 - [35mhttp[39m: [35mGET /api/movie 404 148 - 0.918 ms[39m
[35m[39m
2022-10-25 19:53:41:5341 - [32minfo[39m: [32mBanco conectado com sucesso![39m
2022-10-25 19:53:41:5341 - [32minfo[39m: [32mServidor rodando na porta: 3000[39m
2022-10-25 19:53:45:5345 - [35mhttp[39m: [35mGET /api/movie 200 1581 - 80.392 ms[39m
[35m[39m
2022-10-25 20:06:05:65 - [32minfo[39m: [32mBanco conectado com sucesso![39m
2022-10-25 20:06:05:65 - [32minfo[39m: [32mServidor rodando na porta: 3000[39m
2022-10-25 20:07:03:73 - [35mhttp[39m: [35mDELETE /api/movie/63560e308aaa3a42d3c43d55 404 176 - 4.980 ms[39m
[35m[39m
2022-10-25 20:07:54:754 - [32minfo[39m: [32mBanco conectado com sucesso![39m
2022-10-25 20:07:54:754 - [32minfo[39m: [32mServidor rodando na porta: 3000[39m
2022-10-25 20:07:56:756 - [35mhttp[39m: [35mDELETE /api/movie/63560e308aaa3a42d3c43d55 404 31 - 76.694 ms[39m
[35m[39m
2022-10-25 20:09:42:942 - [32minfo[39m: [32mBanco conectado com sucesso![39m
2022-10-25 20:09:42:942 - [32minfo[39m: [32mServidor rodando na porta: 3000[39m
2022-10-25 20:10:19:1019 - [35mhttp[39m: [35mDELETE /api/movie/63560e308aaa3a42d3c43d56 200 37 - 147.582 ms[39m
[35m[39m
2022-10-25 20:10:31:1031 - [35mhttp[39m: [35mGET /api/movie/ 200 1422 - 65.744 ms[39m
[35m[39m
2022-10-25 20:15:48:1548 - [32minfo[39m: [32mBanco conectado com sucesso![39m
2022-10-25 20:15:48:1548 - [32minfo[39m: [32mServidor rodando na porta: 3000[39m
2022-10-25 20:18:02:182 - [32minfo[39m: [32mBanco conectado com sucesso![39m
2022-10-25 20:18:02:182 - [32minfo[39m: [32mServidor rodando na porta: 3000[39m
2022-10-25 20:18:33:1833 - [35mhttp[39m: [35mPATCH /api/movie/63560e308aaa3a42d3c43d56 404 31 - 77.282 ms[39m
[35m[39m
2022-10-25 20:20:13:2013 - [32minfo[39m: [32mBanco conectado com sucesso![39m
2022-10-25 20:20:13:2013 - [32minfo[39m: [32mServidor rodando na porta: 3000[39m
2022-10-25 20:20:57:2057 - [32minfo[39m: [32mBanco conectado com sucesso![39m
2022-10-25 20:20:57:2057 - [32minfo[39m: [32mServidor rodando na porta: 3000[39m
2022-10-25 20:21:16:2116 - [32minfo[39m: [32mBanco conectado com sucesso![39m
2022-10-25 20:21:16:2116 - [32minfo[39m: [32mServidor rodando na porta: 3000[39m
2022-10-25 20:23:31:2331 - [35mhttp[39m: [35mPATCH /api/movie/63585f69b3ffb08dde328bdd 200 502 - 291.519 ms[39m
[35m[39m
2022-10-25 20:23:47:2347 - [35mhttp[39m: [35mGET /api/movie/63585f69b3ffb08dde328bdd 200 535 - 65.710 ms[39m
[35m[39m
2022-10-25 20:36:04:364 - [32minfo[39m: [32mBanco conectado com sucesso![39m
2022-10-25 20:36:04:364 - [32minfo[39m: [32mServidor rodando na porta: 3000[39m
2022-10-25 20:36:07:367 - [35mhttp[39m: [35mPOST /api/movie 422 63 - 12.085 ms[39m
[35m[39m
2022-10-25 20:36:39:3639 - [35mhttp[39m: [35mPOST /api/movie 201 256 - 99.097 ms[39m
[35m[39m
2022-10-25 20:36:51:3651 - [35mhttp[39m: [35mPOST /api/movie 422 69 - 6.182 ms[39m
[35m[39m
2022-10-25 20:38:31:3831 - [35mhttp[39m: [35mPOST /api/movie 201 259 - 72.113 ms[39m
[35m[39m
2022-10-25 20:38:43:3843 - [35mhttp[39m: [35mGET /api/movie/63587377d370879eb29e604f 200 259 - 76.364 ms[39m
[35m[39m
2022-10-25 20:38:56:3856 - [35mhttp[39m: [35mDELETE /api/movie/63587377d370879eb29e604f 200 37 - 130.029 ms[39m
[35m[39m
2022-10-25 20:39:01:391 - [31merror[39m: [31mErro no sistema: Cannot set headers after they are sent to the client[39m
2022-10-25 20:39:01:391 - [35mhttp[39m: [35mGET /api/movie/63587377d370879eb29e604f 500 31 - 60.090 ms[39m
[35m[39m
